<?xml version="1.0" encoding="UTF-8"?>
<!-- Generated by org.testng.reporters.JUnitXMLReporter -->
<testsuite hostname="yuzgdeMacBook-Pro.local" failures="0" tests="4" name="database" time="0.009" errors="0" timestamp="17 Oct 2020 08:05:46 GMT">
  <testcase classname="com.yiibai6.TestDatabase" name="testConnectMongoDB" time="0.001"/>
  <testcase classname="com.yiibai6.TestDatabase" name="testConnectMsSQL" time="0.0"/>
  <testcase classname="com.yiibai6.TestDatabase" name="testConnectMySQL" time="0.001"/>
  <testcase classname="com.yiibai6.TestDatabase" name="testConnectOracle" time="0.001"/>
</testsuite> <!-- database -->
