<?xml version="1.0" encoding="UTF-8"?>
<!-- Generated by org.testng.reporters.JUnitXMLReporter -->
<testsuite hostname="yuzgdeMacBook-Pro.local" failures="0" tests="7" name="final" time="0.028" errors="0" timestamp="17 Oct 2020 07:43:52 GMT">
  <testcase classname="com.yiibai5.TestSelenium" name="runSelenium1" time="0.008"/>
  <testcase classname="com.yiibai5.TestSelenium" name="runSelenium" time="0.001"/>
  <testcase classname="com.yiibai5.TestGroup" name="runSelenium" time="0.0"/>
  <testcase classname="com.yiibai5.TestGroup" name="runSelenium1" time="0.001"/>
  <testcase classname="com.yiibai5.TestGroup" name="testConnectMsSQL" time="0.001"/>
  <testcase classname="com.yiibai5.TestGroup" name="testConnectOracle" time="0.001"/>
  <testcase classname="com.yiibai5.TestGroup" name="runFinal" time="0.001"/>
</testsuite> <!-- final -->
