<?xml version="1.0" encoding="UTF-8"?>
<!-- Generated by org.testng.reporters.JUnitXMLReporter -->
<testsuite hostname="yuzgdeMacBook-Pro.local" failures="0" tests="4" name="order" time="0.018" errors="0" timestamp="17 Oct 2020 08:05:46 GMT">
  <testcase classname="com.yiibai6.TestOrder" name="testFindOrder" time="0.004"/>
  <testcase classname="com.yiibai6.TestOrder" name="testMakeEmptyOrder" time="0.001"/>
  <testcase classname="com.yiibai6.TestOrder" name="testMakeOrder" time="0.001"/>
  <testcase classname="com.yiibai6.TestOrder" name="testUpdateOrder" time="0.001"/>
</testsuite> <!-- order -->
