<?xml version="1.0" encoding="UTF-8"?>
<!-- Generated by org.testng.reporters.JUnitXMLReporter -->
<testsuite hostname="yuzgdeMacBook-Pro.local" failures="0" tests="3" name="Default test" time="0.022" errors="0" timestamp="17 Oct 2020 09:41:21 GMT">
  <testcase classname="com.yiibai81.TestParameterDataProvider" name="test" time="0.009"/>
  <testcase classname="com.yiibai81.TestParameterDataProvider" name="test" time="0.0"/>
  <testcase classname="com.yiibai81.TestParameterDataProvider" name="test" time="0.001"/>
</testsuite> <!-- Default test -->
