<?xml version="1.0" encoding="UTF-8"?>
<!-- Generated by org.testng.reporters.JUnitXMLReporter -->
<testsuite hostname="yuzgdeMacBook-Pro.local" failures="0" tests="4" name="example1" time="0.557" errors="0" timestamp="9 Dec 2020 06:55:18 GMT">
  <testcase classname="com.yiibai9.TestApi" name="test1Post" time="0.226"/>
  <testcase classname="com.yiibai9.TestApi" name="test2Get" time="0.072"/>
  <testcase classname="com.yiibai9.TestApi" name="test3Fail" time="0.074"/>
  <testcase classname="com.yiibai9.TestApi2" name="main" time="0.161"/>
</testsuite> <!-- example1 -->
