<?xml version="1.0" encoding="UTF-8"?>
<!-- Generated by org.testng.reporters.JUnitXMLReporter -->
<testsuite hostname="yuzgdeMacBook-Pro.local" failures="1" tests="4" name="example1" time="0.457" errors="0" timestamp="7 Dec 2020 06:57:00 GMT">
  <testcase classname="com.yiibai9.TestApi" name="test1Post" time="0.155"/>
  <testcase classname="com.yiibai9.TestApi" name="test2Get" time="0.073"/>
  <testcase classname="com.yiibai9.TestApi" name="test3Fail" time="0.076">
    <failure type="java.lang.AssertionError" message="expected [null] but found [{&amp;quot;procode&amp;quot;:&amp;quot;1222&amp;quot;,
    &amp;quot;word&amp;quot;:&amp;quot;hello&amp;quot;,
&amp;quot;dubbodata&amp;quot;:&amp;quot;132078224594309120&amp;quot;,
&amp;quot;dict&amp;quot;:&amp;quot;{\&amp;quot;key1\&amp;quot;:\&amp;quot;value1\&amp;quot;}&amp;quot;,
&amp;quot;json&amp;quot;:{&amp;quot;key1&amp;quot;:&amp;quot;value1&amp;quot;,&amp;quot;key2&amp;quot;:&amp;quot;value2&amp;quot;},
&amp;quot;dict2&amp;quot;:&amp;quot;{\&amp;quot;result\&amp;quot;:[{\&amp;quot;name\&amp;quot;:1},{\&amp;quot;name\&amp;quot;:2}]}&amp;quot;,
&amp;quot;emptyKey&amp;quot;:&amp;quot;&amp;quot;,
&amp;quot;emptyList&amp;quot;:[],
  &amp;quot;data&amp;quot;:[{&amp;quot;name&amp;quot;:1},

{&amp;quot;name&amp;quot;:2}]}]">
      <![CDATA[java.lang.AssertionError: expected [null] but found [{"procode":"1222",
    "word":"hello",
"dubbodata":"132078224594309120",
"dict":"{\"key1\":\"value1\"}",
"json":{"key1":"value1","key2":"value2"},
"dict2":"{\"result\":[{\"name\":1},{\"name\":2}]}",
"emptyKey":"",
"emptyList":[],
  "data":[{"name":1},

{"name":2}]}]
	at com.yiibai9.TestApi.test3Fail(TestApi.java:72)
... Removed 28 stack frames]]>
    </failure>
  </testcase> <!-- test3Fail -->
  <testcase classname="com.yiibai9.TestApi2" name="main" time="0.131"/>
</testsuite> <!-- example1 -->
