<?xml version="1.0" encoding="UTF-8"?>
<!-- Generated by org.testng.reporters.JUnitXMLReporter -->
<testsuite hostname="yuzgdeMacBook-Pro.local" failures="0" tests="6" name="TestCase1" time="0.028" errors="0" timestamp="17 Oct 2020 08:26:31 GMT">
  <testcase classname="com.yiibai7.TestServer" name="deployServer" time="0.008"/>
  <testcase classname="com.yiibai7.TestServer" name="deployBackUpServer" time="0.001"/>
  <testcase classname="com.yiibai7.TestDatabase" name="initDB" time="0.0"/>
  <testcase classname="com.yiibai7.TestDatabase" name="testConnection" time="0.0"/>
  <testcase classname="com.yiibai7.TestApp" name="method1" time="0.001"/>
  <testcase classname="com.yiibai7.TestApp" name="method2" time="0.001"/>
</testsuite> <!-- TestCase1 -->
