<?xml version="1.0" encoding="UTF-8"?>
<testng-results total="2" passed="2" failed="0" skipped="0">
  <reporter-output>
  </reporter-output>
  <suite started-at="2020-12-25T09:13:29Z" name="Default suite" finished-at="2020-12-25T09:13:29Z" duration-ms="25">
    <groups>
    </groups>
    <test started-at="2020-12-25T09:13:29Z" name="Default test" finished-at="2020-12-25T09:13:29Z" duration-ms="25">
      <class name="com.yiibai.TestDBConnection">
        <test-method signature="runOtherTest1()[pri:0, instance:com.yiibai.TestDBConnection@ba2f4ec]" started-at="2020-12-25T17:13:29Z" name="runOtherTest1" finished-at="2020-12-25T17:13:29Z" duration-ms="9" status="PASS">
          <reporter-output>
          </reporter-output>
        </test-method> <!-- runOtherTest1 -->
        <test-method signature="runOtherTest2()[pri:0, instance:com.yiibai.TestDBConnection@ba2f4ec]" started-at="2020-12-25T17:13:29Z" name="runOtherTest2" finished-at="2020-12-25T17:13:29Z" duration-ms="1" status="PASS">
          <reporter-output>
          </reporter-output>
        </test-method> <!-- runOtherTest2 -->
      </class> <!-- com.yiibai.TestDBConnection -->
    </test> <!-- Default test -->
  </suite> <!-- Default suite -->
</testng-results>
