<?xml version="1.0" encoding="UTF-8"?>
<testng-results total="1" passed="1" failed="0" skipped="0">
  <reporter-output>
  </reporter-output>
  <suite started-at="2020-12-17T06:30:39Z" name="Default suite" finished-at="2020-12-17T06:30:39Z" duration-ms="303">
    <groups>
    </groups>
    <test started-at="2020-12-17T06:30:39Z" name="Default test" finished-at="2020-12-17T06:30:39Z" duration-ms="303">
      <class name="com.yiibai9.TestApi2">
        <test-method signature="main()[pri:0, instance:com.yiibai9.TestApi2@2aceadd4]" started-at="2020-12-17T14:30:39Z" name="main" finished-at="2020-12-17T14:30:39Z" duration-ms="290" status="PASS">
          <reporter-output>
          </reporter-output>
        </test-method> <!-- main -->
      </class> <!-- com.yiibai9.TestApi2 -->
    </test> <!-- Default test -->
  </suite> <!-- Default suite -->
</testng-results>
